<?xml version="1.0" encoding="UTF-8"?>
<!-- Generated by org.testng.reporters.JUnitReportReporter -->
<testsuite hostname="MMLDVJITESHGHA" failures="0" tests="1" name="GivenPackage.AddDataStore" time="4.352" errors="0" timestamp="2022-09-21T12:31:57 IST" skipped="0">
  <testcase classname="GivenPackage.AddDataStore" name="GP" time="4.352"/>
</testsuite> <!-- GivenPackage.AddDataStore -->
