<?xml version="1.0" encoding="UTF-8"?>
<!-- Generated by org.testng.reporters.JUnitReportReporter -->
<testsuite hostname="MMLDVJITESHGHA" failures="0" tests="1" name="GivenPackage.SaveFlow" time="4.924" errors="0" timestamp="2022-09-19T15:38:45 IST" skipped="0">
  <testcase classname="GivenPackage.SaveFlow" name="SF" time="4.924"/>
</testsuite> <!-- GivenPackage.SaveFlow -->
