<?xml version="1.0" encoding="UTF-8"?>
<!-- Generated by org.testng.reporters.JUnitReportReporter -->
<testsuite hostname="MMLDVJITESHGHA" failures="0" tests="1" name="AnotherPckg.GETReq" time="2.952" errors="0" timestamp="2022-09-13T12:39:55 IST" skipped="0">
  <testcase classname="AnotherPckg.GETReq" name="GetDS2" time="2.952"/>
</testsuite> <!-- AnotherPckg.GETReq -->
