<?xml version="1.0" encoding="UTF-8"?>
<!-- Generated by org.testng.reporters.JUnitReportReporter -->
<testsuite hostname="MMLDVJITESHGHA" failures="0" tests="1" name="septemberPackage.Comb" time="4.597" errors="0" timestamp="2022-09-26T00:28:41 IST" skipped="0">
  <testcase classname="septemberPackage.Comb" name="Combi" time="4.597"/>
</testsuite> <!-- septemberPackage.Comb -->
