<?xml version="1.0" encoding="UTF-8"?>
<!-- Generated by org.testng.reporters.JUnitReportReporter -->
<testsuite hostname="MMLDVJITESHGHA" failures="0" tests="1" name="JSONObjectPackage.Combination" time="4.776" errors="0" timestamp="2022-09-20T17:02:47 IST" skipped="0">
  <testcase classname="JSONObjectPackage.Combination" name="Comb" time="4.776"/>
</testsuite> <!-- JSONObjectPackage.Combination -->
