<?xml version="1.0" encoding="UTF-8"?>
<!-- Generated by org.testng.reporters.JUnitReportReporter -->
<testsuite hostname="MMLDVJITESHGHA" failures="0" tests="1" name="DemoFluxAPIAutomation.DemoFluxAPIAutomation.GET01_Request" time="4.019" errors="0" timestamp="2022-09-13T12:35:06 IST" skipped="0">
  <testcase classname="DemoFluxAPIAutomation.DemoFluxAPIAutomation.GET01_Request" name="GDS2" time="4.019"/>
</testsuite> <!-- DemoFluxAPIAutomation.DemoFluxAPIAutomation.GET01_Request -->
