<?xml version="1.0" encoding="UTF-8"?>
<!-- Generated by org.testng.reporters.JUnitReportReporter -->
<testsuite hostname="MMLDVJITESHGHA" failures="0" tests="1" name="DemoFluxAPIAutomation.DemoFluxAPIAutomation.SaveFlow" time="4.269" errors="0" timestamp="2022-09-19T11:42:02 IST" skipped="0">
  <testcase classname="DemoFluxAPIAutomation.DemoFluxAPIAutomation.SaveFlow" name="SaveFlow" time="4.269"/>
</testsuite> <!-- DemoFluxAPIAutomation.DemoFluxAPIAutomation.SaveFlow -->
