<?xml version="1.0" encoding="UTF-8"?>
<!-- Generated by org.testng.reporters.JUnitReportReporter -->
<testsuite hostname="MMLDVJITESHGHA" failures="0" tests="1" name="DemoFluxAPIAutomation.DemoFluxAPIAutomation.AddDataStore" time="4.500" errors="0" timestamp="2022-09-19T11:32:20 IST" skipped="0">
  <testcase classname="DemoFluxAPIAutomation.DemoFluxAPIAutomation.AddDataStore" name="AddDatastore" time="4.500"/>
</testsuite> <!-- DemoFluxAPIAutomation.DemoFluxAPIAutomation.AddDataStore -->
