<?xml version="1.0" encoding="UTF-8"?>
<!-- Generated by org.testng.reporters.JUnitReportReporter -->
<testsuite hostname="MMLDVJITESHGHA" failures="0" tests="1" name="DemoFluxAPIAutomation.DemoFluxAPIAutomation.Combination" time="4.782" errors="0" timestamp="2022-09-19T11:33:52 IST" skipped="0">
  <testcase classname="DemoFluxAPIAutomation.DemoFluxAPIAutomation.Combination" name="combination" time="4.782"/>
</testsuite> <!-- DemoFluxAPIAutomation.DemoFluxAPIAutomation.Combination -->
