<?xml version="1.0" encoding="UTF-8"?>
<!-- Generated by org.testng.reporters.JUnitReportReporter -->
<testsuite hostname="MMLDVJITESHGHA" failures="0" tests="1" name="AnotherPckg.CombinationGET" time="4.325" errors="0" timestamp="2022-09-13T13:24:18 IST" skipped="0">
  <testcase classname="AnotherPckg.CombinationGET" name="GetDS2" time="4.325"/>
</testsuite> <!-- AnotherPckg.CombinationGET -->
