<?xml version="1.0" encoding="UTF-8"?>
<!-- Generated by org.testng.reporters.JUnitReportReporter -->
<testsuite hostname="MMLDVJITESHGHA" failures="0" tests="1" name="septemberPackage.ADS" time="3.807" errors="0" timestamp="2022-09-26T17:06:04 IST" skipped="0">
  <testcase classname="septemberPackage.ADS" name="GP" time="3.807"/>
</testsuite> <!-- septemberPackage.ADS -->
