<?xml version="1.0" encoding="UTF-8"?>
<!-- Generated by org.testng.reporters.JUnitReportReporter -->
<testsuite hostname="MMLDVJITESHGHA" failures="0" tests="1" name="GivenPackage.GetDataStore" time="4.385" errors="0" timestamp="2022-09-19T15:42:36 IST" skipped="0">
  <testcase classname="GivenPackage.GetDataStore" name="GetDatastore" time="4.385"/>
</testsuite> <!-- GivenPackage.GetDataStore -->
