<?xml version="1.0" encoding="UTF-8"?>
<!-- Generated by org.testng.reporters.JUnitReportReporter -->
<testsuite hostname="MMLDVJITESHGHA" failures="0" tests="1" name="GivenPackage.Combination" time="5.514" errors="0" timestamp="2022-09-19T16:11:25 IST" skipped="0">
  <testcase classname="GivenPackage.Combination" name="CombinationMethod" time="5.514"/>
</testsuite> <!-- GivenPackage.Combination -->
